<?xml version="1.0" encoding="UTF-8"?>
<!-- Generated by org.testng.reporters.JUnitReportReporter -->
<testsuite hostname="sujith" name="testNg.Testleaf" tests="3" failures="0" timestamp="22 Dec 2020 08:11:53 GMT" time="4.882" errors="0">
  <testcase name="openbutton" time="0.609" classname="testNg.Testleaf"/>
  <testcase name="opentestleaf" time="4.198" classname="testNg.Testleaf"/>
  <testcase name="defaulttextentered" time="0.075" classname="testNg.Testleaf"/>
</testsuite> <!-- testNg.Testleaf -->
