<?xml version="1.0" encoding="UTF-8"?>
<!-- Generated by org.testng.reporters.JUnitReportReporter -->
<testsuite hostname="sujith" name="testNg.Sampletestng" tests="4" failures="0" timestamp="22 Dec 2020 08:11:53 GMT" time="0.004" errors="0">
  <testcase name="last" time="0.001" classname="testNg.Sampletestng"/>
  <testcase name="first" time="0.001" classname="testNg.Sampletestng"/>
  <testcase name="secound" time="0.001" classname="testNg.Sampletestng"/>
  <testcase name="third" time="0.001" classname="testNg.Sampletestng"/>
</testsuite> <!-- testNg.Sampletestng -->
