<?xml version="1.0" encoding="UTF-8"?>
<!-- Generated by org.testng.reporters.JUnitReportReporter -->
<testsuite hostname="sujith" name="testNg.Groping" tests="5" failures="0" timestamp="22 Dec 2020 08:11:53 GMT" time="0.009" errors="0">
  <testcase name="apple" time="0.002" classname="testNg.Groping"/>
  <testcase name="redmi" time="0.002" classname="testNg.Groping"/>
  <testcase name="oneplus" time="0.002" classname="testNg.Groping"/>
  <testcase name="moto" time="0.002" classname="testNg.Groping"/>
  <testcase name="vivo" time="0.001" classname="testNg.Groping"/>
</testsuite> <!-- testNg.Groping -->
