<?xml version="1.0" encoding="UTF-8"?>
<!-- Generated by org.testng.reporters.JUnitReportReporter -->
<testsuite hostname="sujith" name="testNg.Ecommerce" tests="5" failures="0" timestamp="22 Dec 2020 08:11:53 GMT" time="0.036" errors="0">
  <testcase name="proceedpayment" time="0.000" classname="testNg.Ecommerce"/>
  <testcase name="buynow" time="0.003" classname="testNg.Ecommerce"/>
  <testcase name="product" time="0.002" classname="testNg.Ecommerce"/>
  <testcase name="openpplicatpion" time="0.030" classname="testNg.Ecommerce"/>
  <testcase name="addresseclection" time="0.001" classname="testNg.Ecommerce"/>
</testsuite> <!-- testNg.Ecommerce -->
