<?xml version="1.0" encoding="UTF-8"?>
<!-- Generated by org.testng.reporters.JUnitReportReporter -->
<testsuite hostname="sujith" name="testNg.Parameter" tests="1" failures="0" timestamp="20 Dec 2020 05:25:10 GMT" time="0.002" errors="0">
  <testcase name="parameter" time="0.002" classname="testNg.Parameter"/>
</testsuite> <!-- testNg.Parameter -->
